2025-04-11 16:27:01.170 [info] [main] Log level: Info
2025-04-11 16:27:01.170 [info] [main] Validating found git in: "git"
2025-04-11 16:27:01.170 [info] [main] Using git "2.43.0" from "git"
2025-04-11 16:27:01.170 [info] [Model][doInitialScan] Initial repository scan started
2025-04-11 16:27:01.170 [info] > git rev-parse --show-toplevel [226ms]
2025-04-11 16:27:01.170 [info] fatal: not a git repository (or any parent up to mount point /)
Stopping at filesystem boundary (GIT_DISCOVERY_ACROSS_FILESYSTEM not set).
2025-04-11 16:27:01.170 [info] > git rev-parse --show-toplevel [4ms]
2025-04-11 16:27:01.170 [info] fatal: not a git repository (or any parent up to mount point /)
Stopping at filesystem boundary (GIT_DISCOVERY_ACROSS_FILESYSTEM not set).
2025-04-11 16:27:01.177 [info] > git rev-parse --show-toplevel [2ms]
2025-04-11 16:27:01.177 [info] fatal: not a git repository (or any parent up to mount point /)
Stopping at filesystem boundary (GIT_DISCOVERY_ACROSS_FILESYSTEM not set).
2025-04-11 16:27:01.184 [info] > git rev-parse --show-toplevel [2ms]
2025-04-11 16:27:01.184 [info] fatal: not a git repository (or any parent up to mount point /)
Stopping at filesystem boundary (GIT_DISCOVERY_ACROSS_FILESYSTEM not set).
2025-04-11 16:27:01.191 [info] > git rev-parse --show-toplevel [2ms]
2025-04-11 16:27:01.192 [info] fatal: not a git repository (or any parent up to mount point /)
Stopping at filesystem boundary (GIT_DISCOVERY_ACROSS_FILESYSTEM not set).
2025-04-11 16:27:01.252 [info] > git rev-parse --show-toplevel [55ms]
2025-04-11 16:27:01.252 [info] fatal: not a git repository (or any parent up to mount point /)
Stopping at filesystem boundary (GIT_DISCOVERY_ACROSS_FILESYSTEM not set).
2025-04-11 16:27:01.267 [info] > git rev-parse --show-toplevel [7ms]
2025-04-11 16:27:01.267 [info] fatal: not a git repository (or any parent up to mount point /)
Stopping at filesystem boundary (GIT_DISCOVERY_ACROSS_FILESYSTEM not set).
2025-04-11 16:27:01.304 [info] > git rev-parse --show-toplevel [30ms]
2025-04-11 16:27:01.304 [info] fatal: not a git repository (or any parent up to mount point /)
Stopping at filesystem boundary (GIT_DISCOVERY_ACROSS_FILESYSTEM not set).
2025-04-11 16:27:01.323 [info] > git rev-parse --show-toplevel [6ms]
2025-04-11 16:27:01.323 [info] fatal: not a git repository (or any parent up to mount point /)
Stopping at filesystem boundary (GIT_DISCOVERY_ACROSS_FILESYSTEM not set).
2025-04-11 16:27:01.336 [info] > git rev-parse --show-toplevel [4ms]
2025-04-11 16:27:01.336 [info] fatal: not a git repository (or any parent up to mount point /)
Stopping at filesystem boundary (GIT_DISCOVERY_ACROSS_FILESYSTEM not set).
2025-04-11 16:27:01.338 [info] [Model][doInitialScan] Initial repository scan completed - repositories (0), closed repositories (0), parent repositories (0), unsafe repositories (0)
2025-04-11 16:48:51.426 [info] > git rev-parse --show-toplevel [2ms]
2025-04-11 16:48:51.426 [info] fatal: not a git repository (or any parent up to mount point /)
Stopping at filesystem boundary (GIT_DISCOVERY_ACROSS_FILESYSTEM not set).
2025-04-11 16:48:51.771 [info] > git rev-parse --show-toplevel [43ms]
2025-04-11 16:48:51.771 [info] fatal: not a git repository (or any parent up to mount point /)
Stopping at filesystem boundary (GIT_DISCOVERY_ACROSS_FILESYSTEM not set).
2025-04-11 16:48:51.795 [info] > git rev-parse --show-toplevel [11ms]
2025-04-11 16:48:51.795 [info] fatal: not a git repository (or any parent up to mount point /)
Stopping at filesystem boundary (GIT_DISCOVERY_ACROSS_FILESYSTEM not set).
2025-04-11 16:48:53.560 [info] > git rev-parse --show-toplevel [2ms]
2025-04-11 16:48:53.560 [info] fatal: not a git repository (or any parent up to mount point /)
Stopping at filesystem boundary (GIT_DISCOVERY_ACROSS_FILESYSTEM not set).
2025-04-11 16:48:53.568 [info] > git rev-parse --show-toplevel [2ms]
2025-04-11 16:48:53.568 [info] fatal: not a git repository (or any parent up to mount point /)
Stopping at filesystem boundary (GIT_DISCOVERY_ACROSS_FILESYSTEM not set).
2025-04-11 16:48:53.575 [info] > git rev-parse --show-toplevel [2ms]
2025-04-11 16:48:53.575 [info] fatal: not a git repository (or any parent up to mount point /)
Stopping at filesystem boundary (GIT_DISCOVERY_ACROSS_FILESYSTEM not set).
2025-04-11 16:48:56.933 [info] > git rev-parse --show-toplevel [5ms]
2025-04-11 16:48:56.933 [info] fatal: not a git repository (or any parent up to mount point /)
Stopping at filesystem boundary (GIT_DISCOVERY_ACROSS_FILESYSTEM not set).
2025-04-11 16:48:57.656 [info] > git rev-parse --show-toplevel [5ms]
2025-04-11 16:48:57.656 [info] fatal: not a git repository (or any parent up to mount point /)
Stopping at filesystem boundary (GIT_DISCOVERY_ACROSS_FILESYSTEM not set).
2025-04-11 16:49:16.548 [info] > git rev-parse --show-toplevel [2ms]
2025-04-11 16:49:16.548 [info] fatal: not a git repository (or any parent up to mount point /)
Stopping at filesystem boundary (GIT_DISCOVERY_ACROSS_FILESYSTEM not set).
2025-04-11 16:49:17.111 [info] > git rev-parse --show-toplevel [3ms]
2025-04-11 16:49:17.111 [info] fatal: not a git repository (or any parent up to mount point /)
Stopping at filesystem boundary (GIT_DISCOVERY_ACROSS_FILESYSTEM not set).
2025-04-11 16:49:18.000 [info] > git rev-parse --show-toplevel [3ms]
2025-04-11 16:49:18.000 [info] fatal: not a git repository (or any parent up to mount point /)
Stopping at filesystem boundary (GIT_DISCOVERY_ACROSS_FILESYSTEM not set).
2025-04-11 16:49:20.864 [info] > git rev-parse --show-toplevel [5ms]
2025-04-11 16:49:20.864 [info] fatal: not a git repository (or any parent up to mount point /)
Stopping at filesystem boundary (GIT_DISCOVERY_ACROSS_FILESYSTEM not set).
2025-04-11 16:49:22.226 [info] > git rev-parse --show-toplevel [8ms]
2025-04-11 16:49:22.233 [info] fatal: not a git repository (or any parent up to mount point /)
Stopping at filesystem boundary (GIT_DISCOVERY_ACROSS_FILESYSTEM not set).
2025-04-11 16:49:23.698 [info] > git rev-parse --show-toplevel [2ms]
2025-04-11 16:49:23.698 [info] fatal: not a git repository (or any parent up to mount point /)
Stopping at filesystem boundary (GIT_DISCOVERY_ACROSS_FILESYSTEM not set).
2025-04-11 16:49:24.635 [info] > git rev-parse --show-toplevel [8ms]
2025-04-11 16:49:24.635 [info] fatal: not a git repository (or any parent up to mount point /)
Stopping at filesystem boundary (GIT_DISCOVERY_ACROSS_FILESYSTEM not set).
