Initializing document watcher...
Document watcher initialized
huseyinbagci973/homer.yaml: {}
huseyinbagci973/homer.yaml: {}
huseyinbagci973/homer.yaml: {}
huseyinbagci973/homer.yaml: {}
huseyinbagci973/homer.yaml: {}
huseyinbagci973/homer.yaml: Using EditorConfig core...
huseyinbagci973/homer.yaml: Using EditorConfig core...
huseyinbagci973/README-cloudshell.txt: {}
huseyinbagci973/homer.yaml: {}
huseyinbagci973/homer.yaml: {}
huseyinbagci973/homer.yaml: {}
huseyinbagci973/homer.yaml: {}
huseyinbagci973/homer.yaml: {}
huseyinbagci973/homer.yaml: {}
huseyinbagci973/homer.yaml: {}
huseyinbagci973/homer.yaml: {}
huseyinbagci973/homer.yaml: {}
huseyinbagci973/homer.yaml: {}
huseyinbagci973/homer.yaml: Using EditorConfig core...
huseyinbagci973/homer.yaml: Using EditorConfig core...
huseyinbagci973/homer.yaml: Using EditorConfig core...
huseyinbagci973/homer.yaml: Using EditorConfig core...
huseyinbagci973/homer.yaml: {}
huseyinbagci973/homer.yaml: {}
huseyinbagci973/homer.yaml: {}
huseyinbagci973/homer.yaml: Using EditorConfig core...
huseyinbagci973/homer.yaml: Using EditorConfig core...
huseyinbagci973/homer.yaml: Using EditorConfig core...
huseyinbagci973/homer.yaml: Using EditorConfig core...
huseyinbagci973/homer.yaml: Using EditorConfig core...
huseyinbagci973/homer.yaml: {}
huseyinbagci973/homer.yaml: {}
huseyinbagci973/homer.yaml: {}
huseyinbagci973/homer.yaml: {}
huseyinbagci973/homer.yaml: {}
huseyinbagci973/homer.yaml: {}
huseyinbagci973/homer.yaml: {}
huseyinbagci973/homer.yaml: {}
huseyinbagci973/homer.yaml: {}
huseyinbagci973/homer.yaml: Using EditorConfig core...
huseyinbagci973/homer.yaml: Using EditorConfig core...
huseyinbagci973/homer.yaml: {}
huseyinbagci973/homer.yaml: {}
huseyinbagci973/homer.yaml: {}
huseyinbagci973/homer.yaml: Using EditorConfig core...
huseyinbagci973/homer.yaml: Using EditorConfig core...
huseyinbagci973/homer.yaml: {}
huseyinbagci973/homer.yaml: Using EditorConfig core...
huseyinbagci973/homer.yaml: Using EditorConfig core...
huseyinbagci973/homer.yaml: Using EditorConfig core...
huseyinbagci973/homer.yaml: Using EditorConfig core...
huseyinbagci973/homer.yaml: {}
huseyinbagci973/homer.yaml: Using EditorConfig core...
huseyinbagci973/homer.yaml: Using EditorConfig core...
huseyinbagci973/homer.yaml: Using EditorConfig core...
huseyinbagci973/README-cloudshell.txt: {}
huseyinbagci973/homer.yaml: {}
huseyinbagci973/homer.yaml: {}
huseyinbagci973/homer.yaml: {}
huseyinbagci973/homer.yaml: {}
