2025-04-11 07:50:41.104 [info] Extension host with pid 1657 started
2025-04-11 07:50:41.145 [info] Lock '/home/huseyinbagci973/.codeoss/data/User/workspaceStorage/-3667ed1a/vscode.lock': Lock acquired.
2025-04-11 07:50:41.279 [info] ExtensionService#_doActivateExtension vscode.emmet, startup: false, activationEvent: 'onLanguage'
2025-04-11 07:50:41.395 [info] ExtensionService#_doActivateExtension vscode.git-base, startup: true, activationEvent: '*', root cause: vscode.git
2025-04-11 07:50:41.474 [info] ExtensionService#_doActivateExtension vscode.git, startup: true, activationEvent: '*'
2025-04-11 07:50:41.474 [info] ExtensionService#_doActivateExtension vscode.github, startup: true, activationEvent: '*'
2025-04-11 07:50:41.730 [info] Eager extensions activated
2025-04-11 07:50:41.730 [info] ExtensionService#_doActivateExtension EditorConfig.EditorConfig, startup: false, activationEvent: 'onStartupFinished'
2025-04-11 07:50:41.731 [info] ExtensionService#_doActivateExtension google.cloud-shell, startup: false, activationEvent: 'onStartupFinished'
2025-04-11 07:50:41.731 [info] ExtensionService#_doActivateExtension google.geminicodeassist, startup: false, activationEvent: 'onStartupFinished', root cause: googlecloudtools.cloudcode
2025-04-11 07:50:41.732 [info] ExtensionService#_doActivateExtension vscode.debug-auto-launch, startup: false, activationEvent: 'onStartupFinished'
2025-04-11 07:50:41.732 [info] ExtensionService#_doActivateExtension vscode.merge-conflict, startup: false, activationEvent: 'onStartupFinished'
2025-04-11 07:50:43.667 [info] ExtensionService#_doActivateExtension vscode.configuration-editing, startup: false, activationEvent: 'onLanguage:jsonc'
2025-04-11 07:50:43.668 [info] ExtensionService#_doActivateExtension vscode.json-language-features, startup: false, activationEvent: 'onLanguage:jsonc'
2025-04-11 07:50:43.669 [info] ExtensionService#_doActivateExtension vscode.typescript-language-features, startup: false, activationEvent: 'onLanguage:jsonc'
2025-04-11 07:50:43.836 [info] ExtensionService#_doActivateExtension googlecloudtools.cloudcode, startup: false, activationEvent: 'onStartupFinished'
2025-04-11 07:50:45.836 [error] onWillSaveTextDocument-listener from extension 'EditorConfig.EditorConfig' threw ERROR
2025-04-11 07:50:45.842 [error] Error: timeout
    at Timeout._onTimeout (file:///google/devshell/editor/code-oss-for-cloud-shell/out/vs/workbench/api/node/extensionHostProcess.js:137:99781)
    at listOnTimeout (node:internal/timers:581:17)
    at processTimers (node:internal/timers:519:7)
2025-04-11 08:15:44.555 [info] Extension host terminating: renderer disconnected for too long (2)
2025-04-11 08:15:44.556 [info] Lock '/home/huseyinbagci973/.codeoss/data/User/workspaceStorage/-3667ed1a/vscode.lock': Marking the lockfile as scheduled to be released in 6000 ms.
2025-04-11 08:15:44.586 [info] Extension host with pid 1657 exiting with code 0
