[Error - 4:27:52 PM] Error making request: Command failed with exit code 1: gke-gcloud-auth-plugin
F0411 16:27:52.108297    1348 cred.go:145] print credential failed with error: Failed to retrieve access token:: failure while executing gcloud, with args [config config-helper --format=json]: exit status 1 (err: ERROR: (gcloud.config.config-helper) You do not currently have an active account selected.
Please run:

  $ gcloud auth login

to obtain new credentials.

If you have already logged in with a different account, run:

  $ gcloud config set account ACCOUNT

to select an already authenticated account to use.
)
[Error - 4:28:11 PM] Error making request: Command failed with exit code 1: gke-gcloud-auth-plugin
F0411 16:27:53.388211    1365 cred.go:145] print credential failed with error: Failed to retrieve access token:: failure while executing gcloud, with args [config config-helper --format=json]: exit status 1 (err: ERROR: (gcloud.config.config-helper) You do not currently have an active account selected.
Please run:

  $ gcloud auth login

to obtain new credentials.

If you have already logged in with a different account, run:

  $ gcloud config set account ACCOUNT

to select an already authenticated account to use.
)
[Error - 4:28:11 PM] Error making request: Command failed with exit code 1: gke-gcloud-auth-plugin
F0411 16:27:54.761968    1383 cred.go:145] print credential failed with error: Failed to retrieve access token:: failure while executing gcloud, with args [config config-helper --format=json]: exit status 1 (err: ERROR: (gcloud.config.config-helper) You do not currently have an active account selected.
Please run:

  $ gcloud auth login

to obtain new credentials.

If you have already logged in with a different account, run:

  $ gcloud config set account ACCOUNT

to select an already authenticated account to use.
)
[Error - 4:28:11 PM] Error making request: Command failed with exit code 1: gke-gcloud-auth-plugin
F0411 16:27:56.018842    1401 cred.go:145] print credential failed with error: Failed to retrieve access token:: failure while executing gcloud, with args [config config-helper --format=json]: exit status 1 (err: ERROR: (gcloud.config.config-helper) You do not currently have an active account selected.
Please run:

  $ gcloud auth login

to obtain new credentials.

If you have already logged in with a different account, run:

  $ gcloud config set account ACCOUNT

to select an already authenticated account to use.
)
[Error - 4:28:11 PM] Error making request: Command failed with exit code 1: gke-gcloud-auth-plugin
F0411 16:27:57.284751    1419 cred.go:145] print credential failed with error: Failed to retrieve access token:: failure while executing gcloud, with args [config config-helper --format=json]: exit status 1 (err: ERROR: (gcloud.config.config-helper) You do not currently have an active account selected.
Please run:

  $ gcloud auth login

to obtain new credentials.

If you have already logged in with a different account, run:

  $ gcloud config set account ACCOUNT

to select an already authenticated account to use.
)
[Error - 4:28:11 PM] Error making request: Command failed with exit code 1: gke-gcloud-auth-plugin
F0411 16:27:58.518597    1437 cred.go:145] print credential failed with error: Failed to retrieve access token:: failure while executing gcloud, with args [config config-helper --format=json]: exit status 1 (err: ERROR: (gcloud.config.config-helper) You do not currently have an active account selected.
Please run:

  $ gcloud auth login

to obtain new credentials.

If you have already logged in with a different account, run:

  $ gcloud config set account ACCOUNT

to select an already authenticated account to use.
)
[Error - 4:28:11 PM] Error making request: Command failed with exit code 1: gke-gcloud-auth-plugin
F0411 16:27:59.782429    1455 cred.go:145] print credential failed with error: Failed to retrieve access token:: failure while executing gcloud, with args [config config-helper --format=json]: exit status 1 (err: ERROR: (gcloud.config.config-helper) You do not currently have an active account selected.
Please run:

  $ gcloud auth login

to obtain new credentials.

If you have already logged in with a different account, run:

  $ gcloud config set account ACCOUNT

to select an already authenticated account to use.
)
[Error - 4:28:11 PM] Error making request: Command failed with exit code 1: gke-gcloud-auth-plugin
F0411 16:28:01.795447    1473 cred.go:145] print credential failed with error: Failed to retrieve access token:: failure while executing gcloud, with args [config config-helper --format=json]: exit status 1 (err: ERROR: (gcloud.config.config-helper) You do not currently have an active account selected.
Please run:

  $ gcloud auth login

to obtain new credentials.

If you have already logged in with a different account, run:

  $ gcloud config set account ACCOUNT

to select an already authenticated account to use.
)
[Error - 4:28:11 PM] Error making request: Command failed with exit code 1: gke-gcloud-auth-plugin
F0411 16:28:03.895489    1491 cred.go:145] print credential failed with error: Failed to retrieve access token:: failure while executing gcloud, with args [config config-helper --format=json]: exit status 1 (err: ERROR: (gcloud.config.config-helper) You do not currently have an active account selected.
Please run:

  $ gcloud auth login

to obtain new credentials.

If you have already logged in with a different account, run:

  $ gcloud config set account ACCOUNT

to select an already authenticated account to use.
)
[Error - 4:28:11 PM] Error making request: Command failed with exit code 1: gke-gcloud-auth-plugin
F0411 16:28:06.052475    1509 cred.go:145] print credential failed with error: Failed to retrieve access token:: failure while executing gcloud, with args [config config-helper --format=json]: exit status 1 (err: ERROR: (gcloud.config.config-helper) You do not currently have an active account selected.
Please run:

  $ gcloud auth login

to obtain new credentials.

If you have already logged in with a different account, run:

  $ gcloud config set account ACCOUNT

to select an already authenticated account to use.
)
[Error - 4:28:19 PM] Error making request: Command failed with exit code 1: gke-gcloud-auth-plugin
F0411 16:28:07.929459    1527 cred.go:145] print credential failed with error: Failed to retrieve access token:: failure while executing gcloud, with args [config config-helper --format=json]: exit status 1 (err: ERROR: (gcloud.config.config-helper) You do not currently have an active account selected.
Please run:

  $ gcloud auth login

to obtain new credentials.

If you have already logged in with a different account, run:

  $ gcloud config set account ACCOUNT

to select an already authenticated account to use.
)
[Error - 4:28:19 PM] Error making request: Command failed with exit code 1: gke-gcloud-auth-plugin
F0411 16:28:10.116481    1545 cred.go:145] print credential failed with error: Failed to retrieve access token:: failure while executing gcloud, with args [config config-helper --format=json]: exit status 1 (err: ERROR: (gcloud.config.config-helper) You do not currently have an active account selected.
Please run:

  $ gcloud auth login

to obtain new credentials.

If you have already logged in with a different account, run:

  $ gcloud config set account ACCOUNT

to select an already authenticated account to use.
)
[Error - 4:28:19 PM] Error making request: Command failed with exit code 1: gke-gcloud-auth-plugin
F0411 16:28:11.726764    1563 cred.go:145] print credential failed with error: Failed to retrieve access token:: failure while executing gcloud, with args [config config-helper --format=json]: exit status 1 (err: ERROR: (gcloud.config.config-helper) You do not currently have an active account selected.
Please run:

  $ gcloud auth login

to obtain new credentials.

If you have already logged in with a different account, run:

  $ gcloud config set account ACCOUNT

to select an already authenticated account to use.
)
[Error - 4:28:19 PM] Error making request: Command failed with exit code 1: gke-gcloud-auth-plugin
F0411 16:28:12.992828    1581 cred.go:145] print credential failed with error: Failed to retrieve access token:: failure while executing gcloud, with args [config config-helper --format=json]: exit status 1 (err: ERROR: (gcloud.config.config-helper) You do not currently have an active account selected.
Please run:

  $ gcloud auth login

to obtain new credentials.

If you have already logged in with a different account, run:

  $ gcloud config set account ACCOUNT

to select an already authenticated account to use.
)
[Error - 4:28:19 PM] Error making request: Command failed with exit code 1: gke-gcloud-auth-plugin
F0411 16:28:14.244411    1599 cred.go:145] print credential failed with error: Failed to retrieve access token:: failure while executing gcloud, with args [config config-helper --format=json]: exit status 1 (err: ERROR: (gcloud.config.config-helper) You do not currently have an active account selected.
Please run:

  $ gcloud auth login

to obtain new credentials.

If you have already logged in with a different account, run:

  $ gcloud config set account ACCOUNT

to select an already authenticated account to use.
)
[Error - 4:28:19 PM] Error making request: Command failed with exit code 1: gke-gcloud-auth-plugin
F0411 16:28:15.574910    1617 cred.go:145] print credential failed with error: Failed to retrieve access token:: failure while executing gcloud, with args [config config-helper --format=json]: exit status 1 (err: ERROR: (gcloud.config.config-helper) You do not currently have an active account selected.
Please run:

  $ gcloud auth login

to obtain new credentials.

If you have already logged in with a different account, run:

  $ gcloud config set account ACCOUNT

to select an already authenticated account to use.
)
[Error - 4:28:19 PM] Error making request: Command failed with exit code 1: gke-gcloud-auth-plugin
F0411 16:28:16.836995    1635 cred.go:145] print credential failed with error: Failed to retrieve access token:: failure while executing gcloud, with args [config config-helper --format=json]: exit status 1 (err: ERROR: (gcloud.config.config-helper) You do not currently have an active account selected.
Please run:

  $ gcloud auth login

to obtain new credentials.

If you have already logged in with a different account, run:

  $ gcloud config set account ACCOUNT

to select an already authenticated account to use.
)
[Error - 4:28:19 PM] Error making request: Command failed with exit code 1: gke-gcloud-auth-plugin
F0411 16:28:18.084481    1653 cred.go:145] print credential failed with error: Failed to retrieve access token:: failure while executing gcloud, with args [config config-helper --format=json]: exit status 1 (err: ERROR: (gcloud.config.config-helper) You do not currently have an active account selected.
Please run:

  $ gcloud auth login

to obtain new credentials.

If you have already logged in with a different account, run:

  $ gcloud config set account ACCOUNT

to select an already authenticated account to use.
)
[Error - 4:28:19 PM] Error making request: Command failed with exit code 1: gke-gcloud-auth-plugin
F0411 16:28:19.305868    1671 cred.go:145] print credential failed with error: Failed to retrieve access token:: failure while executing gcloud, with args [config config-helper --format=json]: exit status 1 (err: ERROR: (gcloud.config.config-helper) You do not currently have an active account selected.
Please run:

  $ gcloud auth login

to obtain new credentials.

If you have already logged in with a different account, run:

  $ gcloud config set account ACCOUNT

to select an already authenticated account to use.
)
[Error - 4:28:30 PM] Error making request: Command failed with exit code 1: gke-gcloud-auth-plugin
F0411 16:28:20.800088    1690 cred.go:145] print credential failed with error: Failed to retrieve access token:: failure while executing gcloud, with args [config config-helper --format=json]: exit status 1 (err: ERROR: (gcloud.config.config-helper) You do not currently have an active account selected.
Please run:

  $ gcloud auth login

to obtain new credentials.

If you have already logged in with a different account, run:

  $ gcloud config set account ACCOUNT

to select an already authenticated account to use.
)
[Error - 4:28:30 PM] Error making request: Command failed with exit code 1: gke-gcloud-auth-plugin
F0411 16:28:22.065653    1708 cred.go:145] print credential failed with error: Failed to retrieve access token:: failure while executing gcloud, with args [config config-helper --format=json]: exit status 1 (err: ERROR: (gcloud.config.config-helper) You do not currently have an active account selected.
Please run:

  $ gcloud auth login

to obtain new credentials.

If you have already logged in with a different account, run:

  $ gcloud config set account ACCOUNT

to select an already authenticated account to use.
)
[Error - 4:28:30 PM] Error making request: Command failed with exit code 1: gke-gcloud-auth-plugin
F0411 16:28:23.288929    1726 cred.go:145] print credential failed with error: Failed to retrieve access token:: failure while executing gcloud, with args [config config-helper --format=json]: exit status 1 (err: ERROR: (gcloud.config.config-helper) You do not currently have an active account selected.
Please run:

  $ gcloud auth login

to obtain new credentials.

If you have already logged in with a different account, run:

  $ gcloud config set account ACCOUNT

to select an already authenticated account to use.
)
[Error - 4:28:30 PM] Error making request: Command failed with exit code 1: gke-gcloud-auth-plugin
F0411 16:28:24.526200    1744 cred.go:145] print credential failed with error: Failed to retrieve access token:: failure while executing gcloud, with args [config config-helper --format=json]: exit status 1 (err: ERROR: (gcloud.config.config-helper) You do not currently have an active account selected.
Please run:

  $ gcloud auth login

to obtain new credentials.

If you have already logged in with a different account, run:

  $ gcloud config set account ACCOUNT

to select an already authenticated account to use.
)
[Error - 4:28:30 PM] Error making request: Command failed with exit code 1: gke-gcloud-auth-plugin
F0411 16:28:25.866946    1762 cred.go:145] print credential failed with error: Failed to retrieve access token:: failure while executing gcloud, with args [config config-helper --format=json]: exit status 1 (err: ERROR: (gcloud.config.config-helper) You do not currently have an active account selected.
Please run:

  $ gcloud auth login

to obtain new credentials.

If you have already logged in with a different account, run:

  $ gcloud config set account ACCOUNT

to select an already authenticated account to use.
)
[Error - 4:28:30 PM] Error making request: Command failed with exit code 1: gke-gcloud-auth-plugin
F0411 16:28:27.183350    1780 cred.go:145] print credential failed with error: Failed to retrieve access token:: failure while executing gcloud, with args [config config-helper --format=json]: exit status 1 (err: ERROR: (gcloud.config.config-helper) You do not currently have an active account selected.
Please run:

  $ gcloud auth login

to obtain new credentials.

If you have already logged in with a different account, run:

  $ gcloud config set account ACCOUNT

to select an already authenticated account to use.
)
[Error - 4:28:30 PM] Error making request: Command failed with exit code 1: gke-gcloud-auth-plugin
F0411 16:28:28.445456    1798 cred.go:145] print credential failed with error: Failed to retrieve access token:: failure while executing gcloud, with args [config config-helper --format=json]: exit status 1 (err: ERROR: (gcloud.config.config-helper) You do not currently have an active account selected.
Please run:

  $ gcloud auth login

to obtain new credentials.

If you have already logged in with a different account, run:

  $ gcloud config set account ACCOUNT

to select an already authenticated account to use.
)
[Error - 4:28:30 PM] Error making request: Command failed with exit code 1: gke-gcloud-auth-plugin
F0411 16:28:29.684999    1816 cred.go:145] print credential failed with error: Failed to retrieve access token:: failure while executing gcloud, with args [config config-helper --format=json]: exit status 1 (err: ERROR: (gcloud.config.config-helper) You do not currently have an active account selected.
Please run:

  $ gcloud auth login

to obtain new credentials.

If you have already logged in with a different account, run:

  $ gcloud config set account ACCOUNT

to select an already authenticated account to use.
)
[Error - 4:28:30 PM] Error making request: Command failed with exit code 1: gke-gcloud-auth-plugin
F0411 16:28:30.945816    1834 cred.go:145] print credential failed with error: Failed to retrieve access token:: failure while executing gcloud, with args [config config-helper --format=json]: exit status 1 (err: ERROR: (gcloud.config.config-helper) You do not currently have an active account selected.
Please run:

  $ gcloud auth login

to obtain new credentials.

If you have already logged in with a different account, run:

  $ gcloud config set account ACCOUNT

to select an already authenticated account to use.
)
[Error - 4:48:58 PM] Error making request: The user aborted a request.
[Error - 4:48:59 PM] Error making request: The user aborted a request.
[Error - 4:48:59 PM] Error making request: The user aborted a request.
[Error - 4:48:59 PM] Error making request: The user aborted a request.
[Error - 5:01:17 PM] Error making request: The user aborted a request.
[Error - 5:32:25 PM] Error making request: Command failed with exit code 1: gke-gcloud-auth-plugin
F0411 17:32:22.194303    3385 cred.go:145] print credential failed with error: Failed to retrieve access token:: failure while executing gcloud, with args [config config-helper --format=json]: exit status 1 (err: ERROR: (gcloud.config.config-helper) You do not currently have an active account selected.
Please run:

  $ gcloud auth login

to obtain new credentials.

If you have already logged in with a different account, run:

  $ gcloud config set account ACCOUNT

to select an already authenticated account to use.
)
[Error - 5:32:25 PM] Error making request: Command failed with exit code 1: gke-gcloud-auth-plugin
F0411 17:32:23.474563    3402 cred.go:145] print credential failed with error: Failed to retrieve access token:: failure while executing gcloud, with args [config config-helper --format=json]: exit status 1 (err: ERROR: (gcloud.config.config-helper) You do not currently have an active account selected.
Please run:

  $ gcloud auth login

to obtain new credentials.

If you have already logged in with a different account, run:

  $ gcloud config set account ACCOUNT

to select an already authenticated account to use.
)
[Error - 5:32:25 PM] Error making request: Command failed with exit code 1: gke-gcloud-auth-plugin
F0411 17:32:25.573938    3420 cred.go:145] print credential failed with error: Failed to retrieve access token:: failure while executing gcloud, with args [config config-helper --format=json]: exit status 1 (err: ERROR: (gcloud.config.config-helper) You do not currently have an active account selected.
Please run:

  $ gcloud auth login

to obtain new credentials.

If you have already logged in with a different account, run:

  $ gcloud config set account ACCOUNT

to select an already authenticated account to use.
)
