2025-04-11 08:10:59.807 [info] [main] Log level: Info
2025-04-11 08:10:59.807 [info] [main] Validating found git in: "git"
2025-04-11 08:10:59.807 [info] [main] Using git "2.43.0" from "git"
2025-04-11 08:10:59.807 [info] [Model][doInitialScan] Initial repository scan started
2025-04-11 08:10:59.807 [info] > git rev-parse --show-toplevel [59ms]
2025-04-11 08:10:59.807 [info] fatal: not a git repository (or any parent up to mount point /)
Stopping at filesystem boundary (GIT_DISCOVERY_ACROSS_FILESYSTEM not set).
2025-04-11 08:10:59.807 [info] > git rev-parse --show-toplevel [2ms]
2025-04-11 08:10:59.807 [info] fatal: not a git repository (or any parent up to mount point /)
Stopping at filesystem boundary (GIT_DISCOVERY_ACROSS_FILESYSTEM not set).
2025-04-11 08:10:59.815 [info] > git rev-parse --show-toplevel [3ms]
2025-04-11 08:10:59.815 [info] fatal: not a git repository (or any parent up to mount point /)
Stopping at filesystem boundary (GIT_DISCOVERY_ACROSS_FILESYSTEM not set).
2025-04-11 08:10:59.820 [info] > git rev-parse --show-toplevel [2ms]
2025-04-11 08:10:59.820 [info] fatal: not a git repository (or any parent up to mount point /)
Stopping at filesystem boundary (GIT_DISCOVERY_ACROSS_FILESYSTEM not set).
2025-04-11 08:10:59.825 [info] > git rev-parse --show-toplevel [1ms]
2025-04-11 08:10:59.826 [info] fatal: not a git repository (or any parent up to mount point /)
Stopping at filesystem boundary (GIT_DISCOVERY_ACROSS_FILESYSTEM not set).
2025-04-11 08:10:59.830 [info] > git rev-parse --show-toplevel [1ms]
2025-04-11 08:10:59.830 [info] fatal: not a git repository (or any parent up to mount point /)
Stopping at filesystem boundary (GIT_DISCOVERY_ACROSS_FILESYSTEM not set).
2025-04-11 08:10:59.834 [info] > git rev-parse --show-toplevel [1ms]
2025-04-11 08:10:59.835 [info] fatal: not a git repository (or any parent up to mount point /)
Stopping at filesystem boundary (GIT_DISCOVERY_ACROSS_FILESYSTEM not set).
2025-04-11 08:10:59.839 [info] > git rev-parse --show-toplevel [2ms]
2025-04-11 08:10:59.839 [info] fatal: not a git repository (or any parent up to mount point /)
Stopping at filesystem boundary (GIT_DISCOVERY_ACROSS_FILESYSTEM not set).
2025-04-11 08:10:59.848 [info] > git rev-parse --show-toplevel [5ms]
2025-04-11 08:10:59.848 [info] fatal: not a git repository (or any parent up to mount point /)
Stopping at filesystem boundary (GIT_DISCOVERY_ACROSS_FILESYSTEM not set).
2025-04-11 08:10:59.852 [info] > git rev-parse --show-toplevel [1ms]
2025-04-11 08:10:59.852 [info] fatal: not a git repository (or any parent up to mount point /)
Stopping at filesystem boundary (GIT_DISCOVERY_ACROSS_FILESYSTEM not set).
2025-04-11 08:10:59.853 [info] [Model][doInitialScan] Initial repository scan completed - repositories (0), closed repositories (0), parent repositories (0), unsafe repositories (0)
2025-04-11 08:24:43.412 [info] > git rev-parse --show-toplevel [5ms]
2025-04-11 08:24:43.412 [info] fatal: not a git repository (or any parent up to mount point /)
Stopping at filesystem boundary (GIT_DISCOVERY_ACROSS_FILESYSTEM not set).
2025-04-11 08:24:48.089 [info] > git rev-parse --show-toplevel [4ms]
2025-04-11 08:24:48.089 [info] fatal: not a git repository (or any parent up to mount point /)
Stopping at filesystem boundary (GIT_DISCOVERY_ACROSS_FILESYSTEM not set).
2025-04-11 08:24:56.087 [info] > git rev-parse --show-toplevel [2ms]
2025-04-11 08:24:56.087 [info] fatal: not a git repository (or any parent up to mount point /)
Stopping at filesystem boundary (GIT_DISCOVERY_ACROSS_FILESYSTEM not set).
2025-04-11 08:25:03.758 [info] > git rev-parse --show-toplevel [0ms]
2025-04-11 08:25:03.758 [info] fatal: not a git repository (or any parent up to mount point /)
Stopping at filesystem boundary (GIT_DISCOVERY_ACROSS_FILESYSTEM not set).
2025-04-11 08:48:59.888 [info] > git rev-parse --show-toplevel [7ms]
2025-04-11 08:48:59.888 [info] fatal: not a git repository (or any parent up to mount point /)
Stopping at filesystem boundary (GIT_DISCOVERY_ACROSS_FILESYSTEM not set).
2025-04-11 08:49:36.728 [info] > git rev-parse --show-toplevel [3ms]
2025-04-11 08:49:36.728 [info] fatal: not a git repository (or any parent up to mount point /)
Stopping at filesystem boundary (GIT_DISCOVERY_ACROSS_FILESYSTEM not set).
