2025-04-11 07:50:43.189 [info] [main] Log level: Info
2025-04-11 07:50:43.189 [info] [main] Validating found git in: "git"
2025-04-11 07:50:43.189 [info] [main] Using git "2.43.0" from "git"
2025-04-11 07:50:43.189 [info] [Model][doInitialScan] Initial repository scan started
2025-04-11 07:50:43.189 [info] > git rev-parse --show-toplevel [1450ms]
2025-04-11 07:50:43.189 [info] fatal: not a git repository (or any parent up to mount point /)
Stopping at filesystem boundary (GIT_DISCOVERY_ACROSS_FILESYSTEM not set).
2025-04-11 07:50:43.191 [info] > git rev-parse --show-toplevel [1ms]
2025-04-11 07:50:43.191 [info] fatal: not a git repository (or any parent up to mount point /)
Stopping at filesystem boundary (GIT_DISCOVERY_ACROSS_FILESYSTEM not set).
2025-04-11 07:50:43.196 [info] > git rev-parse --show-toplevel [1ms]
2025-04-11 07:50:43.196 [info] fatal: not a git repository (or any parent up to mount point /)
Stopping at filesystem boundary (GIT_DISCOVERY_ACROSS_FILESYSTEM not set).
2025-04-11 07:50:43.200 [info] > git rev-parse --show-toplevel [1ms]
2025-04-11 07:50:43.200 [info] fatal: not a git repository (or any parent up to mount point /)
Stopping at filesystem boundary (GIT_DISCOVERY_ACROSS_FILESYSTEM not set).
2025-04-11 07:50:43.205 [info] > git rev-parse --show-toplevel [1ms]
2025-04-11 07:50:43.205 [info] fatal: not a git repository (or any parent up to mount point /)
Stopping at filesystem boundary (GIT_DISCOVERY_ACROSS_FILESYSTEM not set).
2025-04-11 07:50:43.210 [info] > git rev-parse --show-toplevel [2ms]
2025-04-11 07:50:43.210 [info] fatal: not a git repository (or any parent up to mount point /)
Stopping at filesystem boundary (GIT_DISCOVERY_ACROSS_FILESYSTEM not set).
2025-04-11 07:50:43.214 [info] > git rev-parse --show-toplevel [1ms]
2025-04-11 07:50:43.214 [info] fatal: not a git repository (or any parent up to mount point /)
Stopping at filesystem boundary (GIT_DISCOVERY_ACROSS_FILESYSTEM not set).
2025-04-11 07:50:43.219 [info] > git rev-parse --show-toplevel [2ms]
2025-04-11 07:50:43.219 [info] fatal: not a git repository (or any parent up to mount point /)
Stopping at filesystem boundary (GIT_DISCOVERY_ACROSS_FILESYSTEM not set).
2025-04-11 07:50:43.220 [info] [Model][doInitialScan] Initial repository scan completed - repositories (0), closed repositories (0), parent repositories (0), unsafe repositories (0)
2025-04-11 07:50:45.880 [info] > git rev-parse --show-toplevel [4ms]
2025-04-11 07:50:45.880 [info] fatal: not a git repository (or any parent up to mount point /)
Stopping at filesystem boundary (GIT_DISCOVERY_ACROSS_FILESYSTEM not set).
2025-04-11 07:51:01.511 [info] > git rev-parse --show-toplevel [6ms]
2025-04-11 07:51:01.511 [info] fatal: not a git repository (or any parent up to mount point /)
Stopping at filesystem boundary (GIT_DISCOVERY_ACROSS_FILESYSTEM not set).
2025-04-11 07:51:43.025 [info] > git rev-parse --show-toplevel [4ms]
2025-04-11 07:51:43.025 [info] fatal: not a git repository (or any parent up to mount point /)
Stopping at filesystem boundary (GIT_DISCOVERY_ACROSS_FILESYSTEM not set).
2025-04-11 07:51:48.475 [info] > git rev-parse --show-toplevel [14ms]
2025-04-11 07:51:48.475 [info] fatal: not a git repository (or any parent up to mount point /)
Stopping at filesystem boundary (GIT_DISCOVERY_ACROSS_FILESYSTEM not set).
2025-04-11 07:51:48.500 [info] > git rev-parse --show-toplevel [10ms]
2025-04-11 07:51:48.500 [info] fatal: not a git repository (or any parent up to mount point /)
Stopping at filesystem boundary (GIT_DISCOVERY_ACROSS_FILESYSTEM not set).
2025-04-11 07:51:48.509 [info] > git rev-parse --show-toplevel [3ms]
2025-04-11 07:51:48.509 [info] fatal: not a git repository (or any parent up to mount point /)
Stopping at filesystem boundary (GIT_DISCOVERY_ACROSS_FILESYSTEM not set).
2025-04-11 07:52:18.029 [info] > git rev-parse --show-toplevel [2ms]
2025-04-11 07:52:18.029 [info] fatal: not a git repository (or any parent up to mount point /)
Stopping at filesystem boundary (GIT_DISCOVERY_ACROSS_FILESYSTEM not set).
2025-04-11 07:52:31.666 [info] > git rev-parse --show-toplevel [2ms]
2025-04-11 07:52:31.666 [info] fatal: not a git repository (or any parent up to mount point /)
Stopping at filesystem boundary (GIT_DISCOVERY_ACROSS_FILESYSTEM not set).
